  [1m[35m (154.2ms)[0m  [1m[35mCREATE DATABASE "goal_app_development" ENCODING = 'unicode'[0m
  [1m[35m (85.7ms)[0m  [1m[35mCREATE DATABASE "goal_app_test" ENCODING = 'unicode'[0m
  [1m[35m (12.8ms)[0m  [1m[35mCREATE TABLE "schema_migrations" ("version" character varying NOT NULL PRIMARY KEY)[0m
  [1m[35m (6.3ms)[0m  [1m[35mCREATE TABLE "ar_internal_metadata" ("key" character varying NOT NULL PRIMARY KEY, "value" character varying, "created_at" timestamp(6) NOT NULL, "updated_at" timestamp(6) NOT NULL)[0m
  [1m[35m (0.2ms)[0m  [1m[34mSELECT pg_try_advisory_lock(540613454722062960)[0m
  [1m[36mActiveRecord::SchemaMigration Pluck (0.3ms)[0m  [1m[34mSELECT "schema_migrations"."version" FROM "schema_migrations" ORDER BY "schema_migrations"."version" ASC[0m
Migrating to CreateUser (20231004175311)
  [1m[36mTRANSACTION (0.2ms)[0m  [1m[35mBEGIN[0m
  [1m[35m (6.7ms)[0m  [1m[35mCREATE TABLE "users" ("id" bigserial primary key, "username" character varying NOT NULL, "password_digest" character varying NOT NULL, "session_token" character varying NOT NULL, "created_at" timestamp(6) NOT NULL, "updated_at" timestamp(6) NOT NULL)[0m
  [1m[36mActiveRecord::SchemaMigration Create (2.3ms)[0m  [1m[32mINSERT INTO "schema_migrations" ("version") VALUES ($1) RETURNING "version"[0m  [["version", "20231004175311"]]
  [1m[36mTRANSACTION (1.2ms)[0m  [1m[35mCOMMIT[0m
  [1m[36mActiveRecord::InternalMetadata Load (0.9ms)[0m  [1m[34mSELECT "ar_internal_metadata".* FROM "ar_internal_metadata" WHERE "ar_internal_metadata"."key" = $1 LIMIT $2[0m  [["key", "environment"], ["LIMIT", 1]]
  [1m[36mTRANSACTION (0.3ms)[0m  [1m[35mBEGIN[0m
  [1m[36mActiveRecord::InternalMetadata Create (1.0ms)[0m  [1m[32mINSERT INTO "ar_internal_metadata" ("key", "value", "created_at", "updated_at") VALUES ($1, $2, $3, $4) RETURNING "key"[0m  [["key", "environment"], ["value", "development"], ["created_at", "2023-10-04 17:55:09.048344"], ["updated_at", "2023-10-04 17:55:09.048344"]]
  [1m[36mTRANSACTION (0.9ms)[0m  [1m[35mCOMMIT[0m
  [1m[35m (0.5ms)[0m  [1m[34mSELECT pg_advisory_unlock(540613454722062960)[0m
  [1m[36mActiveRecord::SchemaMigration Pluck (0.4ms)[0m  [1m[34mSELECT "schema_migrations"."version" FROM "schema_migrations" ORDER BY "schema_migrations"."version" ASC[0m
  [1m[36mActiveRecord::SchemaMigration Pluck (0.4ms)[0m  [1m[34mSELECT "schema_migrations"."version" FROM "schema_migrations" ORDER BY "schema_migrations"."version" ASC[0m
Started GET "/users" for ::1 at 2023-10-04 15:08:52 -0400
  [1m[36mActiveRecord::SchemaMigration Pluck (1.1ms)[0m  [1m[34mSELECT "schema_migrations"."version" FROM "schema_migrations" ORDER BY "schema_migrations"."version" ASC[0m
  
ActionController::RoutingError (No route matches [GET] "/users"):
  
Started GET "/users" for ::1 at 2023-10-04 15:10:20 -0400
Processing by UsersController#index as HTML
  [1m[36mUser Load (0.8ms)[0m  [1m[34mSELECT "users".* FROM "users" WHERE "users"."id" = $1 LIMIT $2[0m  [["id", nil], ["LIMIT", 1]]
  ↳ app/controllers/application_controller.rb:5:in `current_user'
Completed 404 Not Found in 20ms (ActiveRecord: 10.5ms | Allocations: 9969)



ActiveRecord::RecordNotFound - Couldn't find User with 'id'={:session=>nil}:
  app/controllers/application_controller.rb:5:in `current_user'
  app/controllers/application_controller.rb:21:in `logged_in?'
  app/controllers/application_controller.rb:9:in `require_logged_in'

Started POST "/__better_errors/13c86d5e3a3209df/variables" for ::1 at 2023-10-04 15:10:20 -0400
Started GET "/session/new" for ::1 at 2023-10-04 15:11:00 -0400

NameError - undefined local variable or method `except' for SessionsController:Class
    before_action :require_logged_in, except[:new, :create]
                                      ^^^^^^
Did you mean?  exec:
  app/controllers/sessions_controller.rb:2:in `<class:SessionsController>'
  app/controllers/sessions_controller.rb:1:in `<top (required)>'

Started POST "/__better_errors/492147d1ae946593/variables" for ::1 at 2023-10-04 15:11:00 -0400
Started GET "/users/new" for ::1 at 2023-10-04 15:11:09 -0400
Processing by UsersController#new as HTML
  Rendering layout layouts/application.html.erb
  Rendering users/new.html.erb within layouts/application
  Rendered users/new.html.erb within layouts/application (Duration: 9.6ms | Allocations: 636)
  Rendered layout layouts/application.html.erb (Duration: 15.0ms | Allocations: 3132)
Completed 500 Internal Server Error in 22ms (ActiveRecord: 0.0ms | Allocations: 4181)



ActionView::SyntaxErrorInTemplate - Encountered a syntax error while rendering template: check <!DOCTYPE html>
<html>
  <head>
    <title>GoalApp</title>
    <meta name="viewport" content="width=device-width,initial-scale=1">
    <%= csrf_meta_tags %>
    <%= csp_meta_tag %>
    <%= stylesheet_link_tag "application" %>
  </head>
  <body>
    <%if logged_in?%> 
    <form action="<%= session_url %> method="POST">
      <%= auth_token %> 
      <input type="hidden" name="_method" value="delete"/>
      <input type="submit" value="logout"/>
    </form>
    <%else %> 
      <a href="<%= new_user_url %>">Signup</a>
      <a href="<%= new_session_url %>">Login</a>
    <%end>
    <%= yield %>
  </body>
</html>:
  app/controllers/users_controller.rb:28:in `new'

Started POST "/__better_errors/ad76e482456c40b6/variables" for ::1 at 2023-10-04 15:11:09 -0400
Started GET "/users/new" for ::1 at 2023-10-04 15:11:54 -0400
Processing by UsersController#new as HTML
  Rendering layout layouts/application.html.erb
  Rendering users/new.html.erb within layouts/application
  Rendered users/new.html.erb within layouts/application (Duration: 2.6ms | Allocations: 521)
  Rendered layout layouts/application.html.erb (Duration: 4.8ms | Allocations: 2962)
Completed 500 Internal Server Error in 9ms (ActiveRecord: 0.0ms | Allocations: 3905)



ActionView::SyntaxErrorInTemplate - Encountered a syntax error while rendering template: check <!DOCTYPE html>
<html>
  <head>
    <title>GoalApp</title>
    <meta name="viewport" content="width=device-width,initial-scale=1">
    <%= csrf_meta_tags %>
    <%= csp_meta_tag %>
    <%= stylesheet_link_tag "application" %>
  </head>
  <body>
    <%if logged_in?%> 
    <form action="<%= session_url %> method="POST">
      <%= auth_token %> 
      <input type="hidden" name="_method" value="delete"/>
      <input type="submit" value="logout"/>
    </form>
    <%else %> 
      <a href="<%= new_user_url %>">Signup</a>
      <a href="<%= new_session_url %>">Login</a>
    <%end>
    <%= yield %>
    </form>
  </body>
</html>:
  app/controllers/users_controller.rb:28:in `new'

Started POST "/__better_errors/2d94b203b4c74b08/variables" for ::1 at 2023-10-04 15:11:54 -0400
Started GET "/users/new" for ::1 at 2023-10-04 15:12:28 -0400
Processing by UsersController#new as HTML
  Rendering layout layouts/application.html.erb
  Rendering users/new.html.erb within layouts/application
  Rendered users/new.html.erb within layouts/application (Duration: 1.1ms | Allocations: 521)
  [1m[36mUser Load (1.0ms)[0m  [1m[34mSELECT "users".* FROM "users" WHERE "users"."id" = $1 LIMIT $2[0m  [["id", nil], ["LIMIT", 1]]
  ↳ app/controllers/application_controller.rb:5:in `current_user'
  Rendered layout layouts/application.html.erb (Duration: 56.1ms | Allocations: 13656)
Completed 500 Internal Server Error in 58ms (ActiveRecord: 1.0ms | Allocations: 14600)



ActiveRecord::RecordNotFound - Couldn't find User with 'id'={:session=>nil}:
  app/controllers/application_controller.rb:5:in `current_user'
  app/controllers/application_controller.rb:21:in `logged_in?'
  app/controllers/application_controller.rb:2:in `logged_in?'
  app/views/layouts/application.html.erb:13
  app/controllers/users_controller.rb:28:in `new'

Started POST "/__better_errors/5e67cebe4433fccf/variables" for ::1 at 2023-10-04 15:12:29 -0400
Started GET "/session/new" for ::1 at 2023-10-04 15:13:17 -0400

NameError - undefined local variable or method `except' for SessionsController:Class
    before_action :require_logged_in, except[:new, :create]
                                      ^^^^^^
Did you mean?  exec:
  app/controllers/sessions_controller.rb:2:in `<class:SessionsController>'
  app/controllers/sessions_controller.rb:1:in `<top (required)>'

Started POST "/__better_errors/d836c1c77c7d27bd/variables" for ::1 at 2023-10-04 15:13:17 -0400
Started GET "/session/new" for ::1 at 2023-10-04 15:15:34 -0400

NameError - undefined local variable or method `except' for SessionsController:Class
    before_action :require_logged_in, except[:new, :create]
                                      ^^^^^^
Did you mean?  exec:
  app/controllers/sessions_controller.rb:2:in `<class:SessionsController>'
  app/controllers/sessions_controller.rb:1:in `<top (required)>'

Started POST "/__better_errors/18134e0950e6a89c/variables" for ::1 at 2023-10-04 15:15:34 -0400
Started GET "/session/new" for ::1 at 2023-10-04 15:16:04 -0400
Processing by SessionsController#new as HTML
  [1m[36mUser Load (0.3ms)[0m  [1m[34mSELECT "users".* FROM "users" WHERE "users"."id" = $1 LIMIT $2[0m  [["id", nil], ["LIMIT", 1]]
  ↳ app/controllers/application_controller.rb:5:in `current_user'
Completed 404 Not Found in 12ms (ActiveRecord: 4.6ms | Allocations: 6689)



ActiveRecord::RecordNotFound - Couldn't find User with 'id'={:session=>nil}:
  app/controllers/application_controller.rb:5:in `current_user'
  app/controllers/application_controller.rb:21:in `logged_in?'
  app/controllers/application_controller.rb:13:in `require_logged_out'

Started POST "/__better_errors/161e3bd31b2e338f/variables" for ::1 at 2023-10-04 15:16:04 -0400
